INFO:     Will watch for changes in these directories: ['/Users/alpakafred/Library/Mobile Documents/com~apple~CloudDocs/Creativity Yard/Coding/Chronodemica/backend']
INFO:     Uvicorn running on http://127.0.0.1:8000 (Press CTRL+C to quit)
INFO:     Started reloader process [87530] using WatchFiles
INFO:     Started server process [87533]
INFO:     Waiting for application startup.
2025-09-05 07:03:05,355 INFO sqlalchemy.engine.Engine BEGIN (implicit)
2025-09-05 07:03:05,355 INFO sqlalchemy.engine.Engine PRAGMA main.table_info("period")
2025-09-05 07:03:05,355 INFO sqlalchemy.engine.Engine [raw sql] ()
2025-09-05 07:03:05,356 INFO sqlalchemy.engine.Engine PRAGMA main.table_info("pop")
2025-09-05 07:03:05,356 INFO sqlalchemy.engine.Engine [raw sql] ()
2025-09-05 07:03:05,356 INFO sqlalchemy.engine.Engine PRAGMA main.table_info("popperiod")
2025-09-05 07:03:05,356 INFO sqlalchemy.engine.Engine [raw sql] ()
2025-09-05 07:03:05,356 INFO sqlalchemy.engine.Engine PRAGMA main.table_info("party")
2025-09-05 07:03:05,356 INFO sqlalchemy.engine.Engine [raw sql] ()
2025-09-05 07:03:05,356 INFO sqlalchemy.engine.Engine PRAGMA main.table_info("partyperiod")
2025-09-05 07:03:05,356 INFO sqlalchemy.engine.Engine [raw sql] ()
2025-09-05 07:03:05,356 INFO sqlalchemy.engine.Engine PRAGMA main.table_info("popvote")
2025-09-05 07:03:05,356 INFO sqlalchemy.engine.Engine [raw sql] ()
2025-09-05 07:03:05,356 INFO sqlalchemy.engine.Engine PRAGMA main.table_info("electionresult")
2025-09-05 07:03:05,356 INFO sqlalchemy.engine.Engine [raw sql] ()
2025-09-05 07:03:05,356 INFO sqlalchemy.engine.Engine COMMIT
INFO:     Application startup complete.
INFO:     127.0.0.1:64143 - "GET /api/v1/data-structure/pop HTTP/1.1" 200 OK
INFO:     127.0.0.1:64143 - "GET /api/v1/pop?skip=0&limit=100 HTTP/1.1" 307 Temporary Redirect
2025-09-05 07:03:19,169 INFO sqlalchemy.engine.Engine BEGIN (implicit)
2025-09-05 07:03:19,171 INFO sqlalchemy.engine.Engine SELECT pop.id, pop.name 
FROM pop
 LIMIT ? OFFSET ?
2025-09-05 07:03:19,171 INFO sqlalchemy.engine.Engine [generated in 0.00012s] (100, 0)
2025-09-05 07:03:19,172 INFO sqlalchemy.engine.Engine ROLLBACK
INFO:     127.0.0.1:64143 - "GET /api/v1/pop/?skip=0&limit=100 HTTP/1.1" 200 OK
INFO:     Shutting down
INFO:     Waiting for application shutdown.
INFO:     Application shutdown complete.
INFO:     Finished server process [87533]
INFO:     Stopping reloader process [87530]
